app/build/intermediates/manifest_merge_blame_file/debug/manifest-merger-blame-debug-report.txt
1<?xml version="1.0" encoding="utf-8"?>
2<manifest xmlns:android="http://schemas.android.com/apk/res/android"
3    package="com.guruprem.project2_cst338"
4    android:versionCode="1"
5    android:versionName="1.0" >
6
7    <uses-sdk
8        android:minSdkVersion="26"
8-->src/main/AndroidManifest.xml
9        android:targetSdkVersion="30" />
9-->src/main/AndroidManifest.xml
10
11    <!-- Although the *SdkVersion is captured in gradle build files, this is required for non gradle builds -->
12    <!-- <uses-sdk android:minSdkVersion="14" /> -->
13    <uses-permission android:name="android.permission.ACCESS_NETWORK_STATE" />
13-->[com.google.firebase:firebase-firestore:23.0.0] AndroidManifest.xml:13:5-79
13-->[com.google.firebase:firebase-firestore:23.0.0] AndroidManifest.xml:13:22-76
14    <uses-permission android:name="android.permission.INTERNET" />
14-->[com.google.firebase:firebase-firestore:23.0.0] AndroidManifest.xml:14:5-67
14-->[com.google.firebase:firebase-firestore:23.0.0] AndroidManifest.xml:14:22-64
15
16    <application
16-->src/main/AndroidManifest.xml:5:5-48:19
17        android:allowBackup="true"
17-->src/main/AndroidManifest.xml:6:9-35
18        android:appComponentFactory="androidx.core.app.CoreComponentFactory"
18-->[androidx.core:core:1.3.1] AndroidManifest.xml:24:18-86
19        android:debuggable="true"
20        android:extractNativeLibs="false"
21        android:icon="@mipmap/ic_launcher"
21-->src/main/AndroidManifest.xml:7:9-43
22        android:label="@string/app_name"
22-->src/main/AndroidManifest.xml:8:9-41
23        android:roundIcon="@mipmap/ic_launcher_round"
23-->src/main/AndroidManifest.xml:9:9-54
24        android:supportsRtl="true"
24-->src/main/AndroidManifest.xml:10:9-35
25        android:testOnly="true"
26        android:theme="@style/AppTheme" >
26-->src/main/AndroidManifest.xml:11:9-40
27        <activity android:name="com.guruprem.project2_cst338.ForgotPassword" />
27-->src/main/AndroidManifest.xml:12:9-61
27-->src/main/AndroidManifest.xml:12:19-49
28        <activity android:name="com.guruprem.project2_cst338.ViewAddress" />
28-->src/main/AndroidManifest.xml:13:9-49
28-->src/main/AndroidManifest.xml:13:19-46
29        <activity android:name="com.guruprem.project2_cst338.Rough_Cart1" />
29-->src/main/AndroidManifest.xml:14:9-49
29-->src/main/AndroidManifest.xml:14:19-46
30        <activity android:name="com.guruprem.project2_cst338.Product_with_cart" />
30-->src/main/AndroidManifest.xml:15:9-55
30-->src/main/AndroidManifest.xml:15:19-52
31        <activity android:name="com.guruprem.project2_cst338.Cart2user" />
31-->src/main/AndroidManifest.xml:16:9-47
31-->src/main/AndroidManifest.xml:16:19-44
32        <activity android:name="com.guruprem.project2_cst338.Cart1user" />
32-->src/main/AndroidManifest.xml:17:9-47
32-->src/main/AndroidManifest.xml:17:19-44
33        <activity android:name="com.guruprem.project2_cst338.Product2itemuser" />
33-->src/main/AndroidManifest.xml:18:9-54
33-->src/main/AndroidManifest.xml:18:19-51
34        <activity android:name="com.guruprem.project2_cst338.Product1itemuser" />
34-->src/main/AndroidManifest.xml:19:9-54
34-->src/main/AndroidManifest.xml:19:19-51
35        <activity android:name="com.guruprem.project2_cst338.Product2User" />
35-->src/main/AndroidManifest.xml:20:9-50
35-->src/main/AndroidManifest.xml:20:19-47
36        <activity android:name="com.guruprem.project2_cst338.Product1User" />
36-->src/main/AndroidManifest.xml:21:9-50
36-->src/main/AndroidManifest.xml:21:19-47
37        <activity android:name="com.guruprem.project2_cst338.ProductDetailUser" />
37-->src/main/AndroidManifest.xml:22:9-55
37-->src/main/AndroidManifest.xml:22:19-52
38        <activity android:name="com.guruprem.project2_cst338.Product2Details" />
38-->src/main/AndroidManifest.xml:23:9-53
38-->src/main/AndroidManifest.xml:23:19-50
39        <activity android:name="com.guruprem.project2_cst338.ProductDetail" />
39-->src/main/AndroidManifest.xml:24:9-51
39-->src/main/AndroidManifest.xml:24:19-48
40        <activity android:name="com.guruprem.project2_cst338.Admin_Item" />
40-->src/main/AndroidManifest.xml:25:9-48
40-->src/main/AndroidManifest.xml:25:19-45
41        <activity android:name="com.guruprem.project2_cst338.DeliveryActivity" />
41-->src/main/AndroidManifest.xml:26:9-54
41-->src/main/AndroidManifest.xml:26:19-51
42        <activity android:name="com.guruprem.project2_cst338.AddAddressActivity" />
42-->src/main/AndroidManifest.xml:27:9-56
42-->src/main/AndroidManifest.xml:27:19-53
43        <activity android:name="com.guruprem.project2_cst338.MyAddressesActivity" />
43-->src/main/AndroidManifest.xml:28:9-57
43-->src/main/AndroidManifest.xml:28:19-54
44        <activity android:name="com.guruprem.project2_cst338.UpdateInfoUser" />
44-->src/main/AndroidManifest.xml:29:9-52
44-->src/main/AndroidManifest.xml:29:19-49
45        <activity android:name="com.guruprem.project2_cst338.ChooseLogin" />
45-->src/main/AndroidManifest.xml:30:9-49
45-->src/main/AndroidManifest.xml:30:19-46
46        <activity android:name="com.guruprem.project2_cst338.CreateActivity" />
46-->src/main/AndroidManifest.xml:31:9-52
46-->src/main/AndroidManifest.xml:31:19-49
47        <activity android:name="com.guruprem.project2_cst338.AddUserActivity" />
47-->src/main/AndroidManifest.xml:32:9-53
47-->src/main/AndroidManifest.xml:32:19-50
48        <activity android:name="com.guruprem.project2_cst338.LoginActivity" />
48-->src/main/AndroidManifest.xml:33:9-51
48-->src/main/AndroidManifest.xml:33:19-48
49        <activity android:name="com.guruprem.project2_cst338.User_Screen" />
49-->src/main/AndroidManifest.xml:34:9-49
49-->src/main/AndroidManifest.xml:34:19-46
50        <activity android:name="com.guruprem.project2_cst338.Change_Password" />
50-->src/main/AndroidManifest.xml:35:9-53
50-->src/main/AndroidManifest.xml:35:19-50
51        <activity android:name="com.guruprem.project2_cst338.RoughWork_Admin" />
51-->src/main/AndroidManifest.xml:36:9-53
51-->src/main/AndroidManifest.xml:36:19-50
52        <activity android:name="com.guruprem.project2_cst338.Roughwork_User" />
52-->src/main/AndroidManifest.xml:37:9-52
52-->src/main/AndroidManifest.xml:37:19-49
53        <activity
53-->src/main/AndroidManifest.xml:38:9-47:20
54            android:name="com.guruprem.project2_cst338.SplashScreen"
54-->src/main/AndroidManifest.xml:39:13-41
55            android:screenOrientation="portrait"
55-->src/main/AndroidManifest.xml:40:13-49
56            android:theme="@style/SplashTheme" >
56-->src/main/AndroidManifest.xml:41:13-47
57            <intent-filter>
57-->src/main/AndroidManifest.xml:42:13-46:29
58                <action android:name="android.intent.action.MAIN" />
58-->src/main/AndroidManifest.xml:43:17-69
58-->src/main/AndroidManifest.xml:43:25-66
59
60                <category android:name="android.intent.category.LAUNCHER" />
60-->src/main/AndroidManifest.xml:45:17-77
60-->src/main/AndroidManifest.xml:45:27-74
61            </intent-filter>
62        </activity>
63
64        <service
64-->[androidx.room:room-runtime:2.3.0] AndroidManifest.xml:25:9-28:40
65            android:name="androidx.room.MultiInstanceInvalidationService"
65-->[androidx.room:room-runtime:2.3.0] AndroidManifest.xml:26:13-74
66            android:directBootAware="true"
66-->[androidx.room:room-runtime:2.3.0] AndroidManifest.xml:27:13-43
67            android:exported="false" />
67-->[androidx.room:room-runtime:2.3.0] AndroidManifest.xml:28:13-37
68        <service
68-->[com.google.firebase:firebase-firestore:23.0.0] AndroidManifest.xml:17:9-23:19
69            android:name="com.google.firebase.components.ComponentDiscoveryService"
69-->[com.google.firebase:firebase-firestore:23.0.0] AndroidManifest.xml:18:13-84
70            android:directBootAware="true"
70-->[com.google.firebase:firebase-common:20.0.0] AndroidManifest.xml:35:13-43
71            android:exported="false" >
71-->[com.google.firebase:firebase-firestore:23.0.0] AndroidManifest.xml:19:13-37
72            <meta-data
72-->[com.google.firebase:firebase-firestore:23.0.0] AndroidManifest.xml:20:13-22:85
73                android:name="com.google.firebase.components:com.google.firebase.firestore.FirestoreRegistrar"
73-->[com.google.firebase:firebase-firestore:23.0.0] AndroidManifest.xml:21:17-111
74                android:value="com.google.firebase.components.ComponentRegistrar" />
74-->[com.google.firebase:firebase-firestore:23.0.0] AndroidManifest.xml:22:17-82
75            <meta-data
75-->[com.google.firebase:firebase-auth:21.0.0] AndroidManifest.xml:77:13-79:85
76                android:name="com.google.firebase.components:com.google.firebase.auth.FirebaseAuthRegistrar"
76-->[com.google.firebase:firebase-auth:21.0.0] AndroidManifest.xml:78:17-109
77                android:value="com.google.firebase.components.ComponentRegistrar" />
77-->[com.google.firebase:firebase-auth:21.0.0] AndroidManifest.xml:79:17-82
78        </service>
79
80        <activity
80-->[com.google.firebase:firebase-auth:21.0.0] AndroidManifest.xml:27:9-44:20
81            android:name="com.google.firebase.auth.internal.GenericIdpActivity"
81-->[com.google.firebase:firebase-auth:21.0.0] AndroidManifest.xml:28:13-80
82            android:excludeFromRecents="true"
82-->[com.google.firebase:firebase-auth:21.0.0] AndroidManifest.xml:29:13-46
83            android:exported="true"
83-->[com.google.firebase:firebase-auth:21.0.0] AndroidManifest.xml:30:13-36
84            android:launchMode="singleTask"
84-->[com.google.firebase:firebase-auth:21.0.0] AndroidManifest.xml:31:13-44
85            android:theme="@android:style/Theme.Translucent.NoTitleBar" >
85-->[com.google.firebase:firebase-auth:21.0.0] AndroidManifest.xml:32:13-72
86            <intent-filter>
86-->[com.google.firebase:firebase-auth:21.0.0] AndroidManifest.xml:33:13-43:29
87                <action android:name="android.intent.action.VIEW" />
87-->[com.google.firebase:firebase-auth:21.0.0] AndroidManifest.xml:34:17-69
87-->[com.google.firebase:firebase-auth:21.0.0] AndroidManifest.xml:34:25-66
88
89                <category android:name="android.intent.category.DEFAULT" />
89-->[com.google.firebase:firebase-auth:21.0.0] AndroidManifest.xml:36:17-76
89-->[com.google.firebase:firebase-auth:21.0.0] AndroidManifest.xml:36:27-73
90                <category android:name="android.intent.category.BROWSABLE" />
90-->[com.google.firebase:firebase-auth:21.0.0] AndroidManifest.xml:37:17-78
90-->[com.google.firebase:firebase-auth:21.0.0] AndroidManifest.xml:37:27-75
91
92                <data
92-->[com.google.firebase:firebase-auth:21.0.0] AndroidManifest.xml:39:17-42:51
93                    android:host="firebase.auth"
93-->[com.google.firebase:firebase-auth:21.0.0] AndroidManifest.xml:40:21-49
94                    android:path="/"
94-->[com.google.firebase:firebase-auth:21.0.0] AndroidManifest.xml:41:21-37
95                    android:scheme="genericidp" />
95-->[com.google.firebase:firebase-auth:21.0.0] AndroidManifest.xml:42:21-48
96            </intent-filter>
97        </activity>
98        <activity
98-->[com.google.firebase:firebase-auth:21.0.0] AndroidManifest.xml:45:9-62:20
99            android:name="com.google.firebase.auth.internal.RecaptchaActivity"
99-->[com.google.firebase:firebase-auth:21.0.0] AndroidManifest.xml:46:13-79
100            android:excludeFromRecents="true"
100-->[com.google.firebase:firebase-auth:21.0.0] AndroidManifest.xml:47:13-46
101            android:exported="true"
101-->[com.google.firebase:firebase-auth:21.0.0] AndroidManifest.xml:48:13-36
102            android:launchMode="singleTask"
102-->[com.google.firebase:firebase-auth:21.0.0] AndroidManifest.xml:49:13-44
103            android:theme="@android:style/Theme.Translucent.NoTitleBar" >
103-->[com.google.firebase:firebase-auth:21.0.0] AndroidManifest.xml:50:13-72
104            <intent-filter>
104-->[com.google.firebase:firebase-auth:21.0.0] AndroidManifest.xml:51:13-61:29
105                <action android:name="android.intent.action.VIEW" />
105-->[com.google.firebase:firebase-auth:21.0.0] AndroidManifest.xml:34:17-69
105-->[com.google.firebase:firebase-auth:21.0.0] AndroidManifest.xml:34:25-66
106
107                <category android:name="android.intent.category.DEFAULT" />
107-->[com.google.firebase:firebase-auth:21.0.0] AndroidManifest.xml:36:17-76
107-->[com.google.firebase:firebase-auth:21.0.0] AndroidManifest.xml:36:27-73
108                <category android:name="android.intent.category.BROWSABLE" />
108-->[com.google.firebase:firebase-auth:21.0.0] AndroidManifest.xml:37:17-78
108-->[com.google.firebase:firebase-auth:21.0.0] AndroidManifest.xml:37:27-75
109
110                <data
110-->[com.google.firebase:firebase-auth:21.0.0] AndroidManifest.xml:39:17-42:51
111                    android:host="firebase.auth"
111-->[com.google.firebase:firebase-auth:21.0.0] AndroidManifest.xml:40:21-49
112                    android:path="/"
112-->[com.google.firebase:firebase-auth:21.0.0] AndroidManifest.xml:41:21-37
113                    android:scheme="recaptcha" />
113-->[com.google.firebase:firebase-auth:21.0.0] AndroidManifest.xml:42:21-48
114            </intent-filter>
115        </activity>
116
117        <service
117-->[com.google.firebase:firebase-auth:21.0.0] AndroidManifest.xml:64:9-73:19
118            android:name="com.google.firebase.auth.api.fallback.service.FirebaseAuthFallbackService"
118-->[com.google.firebase:firebase-auth:21.0.0] AndroidManifest.xml:65:13-101
119            android:enabled="true"
119-->[com.google.firebase:firebase-auth:21.0.0] AndroidManifest.xml:66:13-35
120            android:exported="false" >
120-->[com.google.firebase:firebase-auth:21.0.0] AndroidManifest.xml:67:13-37
121            <intent-filter>
121-->[com.google.firebase:firebase-auth:21.0.0] AndroidManifest.xml:68:13-72:29
122                <action android:name="com.google.firebase.auth.api.gms.service.START" />
122-->[com.google.firebase:firebase-auth:21.0.0] AndroidManifest.xml:69:17-89
122-->[com.google.firebase:firebase-auth:21.0.0] AndroidManifest.xml:69:25-86
123
124                <category android:name="android.intent.category.DEFAULT" />
124-->[com.google.firebase:firebase-auth:21.0.0] AndroidManifest.xml:36:17-76
124-->[com.google.firebase:firebase-auth:21.0.0] AndroidManifest.xml:36:27-73
125            </intent-filter>
126        </service>
127
128        <activity
128-->[com.google.android.gms:play-services-base:17.1.0] AndroidManifest.xml:23:9-26:75
129            android:name="com.google.android.gms.common.api.GoogleApiActivity"
129-->[com.google.android.gms:play-services-base:17.1.0] AndroidManifest.xml:24:13-79
130            android:exported="false"
130-->[com.google.android.gms:play-services-base:17.1.0] AndroidManifest.xml:25:13-37
131            android:theme="@android:style/Theme.Translucent.NoTitleBar" />
131-->[com.google.android.gms:play-services-base:17.1.0] AndroidManifest.xml:26:13-72
132
133        <provider
133-->[com.google.firebase:firebase-common:20.0.0] AndroidManifest.xml:26:9-31:39
134            android:name="com.google.firebase.provider.FirebaseInitProvider"
134-->[com.google.firebase:firebase-common:20.0.0] AndroidManifest.xml:27:13-77
135            android:authorities="com.guruprem.project2_cst338.firebaseinitprovider"
135-->[com.google.firebase:firebase-common:20.0.0] AndroidManifest.xml:28:13-72
136            android:directBootAware="true"
136-->[com.google.firebase:firebase-common:20.0.0] AndroidManifest.xml:29:13-43
137            android:exported="false"
137-->[com.google.firebase:firebase-common:20.0.0] AndroidManifest.xml:30:13-37
138            android:initOrder="100" />
138-->[com.google.firebase:firebase-common:20.0.0] AndroidManifest.xml:31:13-36
139
140        <meta-data
140-->[com.google.android.gms:play-services-basement:17.1.0] AndroidManifest.xml:23:9-25:69
141            android:name="com.google.android.gms.version"
141-->[com.google.android.gms:play-services-basement:17.1.0] AndroidManifest.xml:24:13-58
142            android:value="@integer/google_play_services_version" />
142-->[com.google.android.gms:play-services-basement:17.1.0] AndroidManifest.xml:25:13-66
143    </application>
144
145</manifest>